<?xml version="1.0" encoding="UTF-8"?>
<!-- Generated by org.testng.reporters.JUnitXMLReporter -->
<testsuite hostname="BDN" ignored="0" name="case1" tests="4" failures="0" timestamp="2020-05-02T11:07:15 ICT" time="0.071" errors="0">
  <testcase name="runTest1" time="0.007" classname="latihan.testing.TestConfiguration"/>
  <testcase name="runTest2" time="0.002" classname="latihan.testing.TestConfiguration"/>
  <testcase name="runOtherTest1" time="0.001" classname="latihan.testing.TestDbConnection"/>
  <testcase name="runOtherTest2" time="0.002" classname="latihan.testing.TestDbConnection"/>
</testsuite> <!-- case1 -->
