<?xml version="1.0" encoding="UTF-8"?>
<!-- Generated by org.testng.reporters.JUnitXMLReporter -->
<testsuite hostname="BDN" ignored="2" name="databaseTest" tests="2" failures="0" timestamp="2020-05-02T15:22:54 ICT" time="0.08" errors="0">
  <testcase name="testConnectOracle" time="0.007" classname="latihan.testing.TestGroup1"/>
  <testcase name="testConnectOracle" time="0.002" classname="latihan.testing.TestGroup2"/>
  <testcase name="runSelenium1" time="0.0" classname="latihan.testing.TestGroup2">
    <ignored/>
  </testcase> <!-- runSelenium1 -->
  <testcase name="runSelenium1" time="0.0" classname="latihan.testing.TestGroup1">
    <ignored/>
  </testcase> <!-- runSelenium1 -->
</testsuite> <!-- databaseTest -->
