<?xml version="1.0" encoding="UTF-8"?>
<!-- Generated by org.testng.reporters.JUnitXMLReporter -->
<testsuite hostname="BDN" ignored="0" name="database" tests="4" failures="0" timestamp="2020-05-02T15:20:03 ICT" time="0.116" errors="0">
  <testcase name="runSelenium1" time="0.016" classname="latihan.testing.TestGroup1"/>
  <testcase name="testConnectOracle" time="0.002" classname="latihan.testing.TestGroup1"/>
  <testcase name="runSelenium1" time="0.002" classname="latihan.testing.TestGroup2"/>
  <testcase name="testConnectOracle" time="0.002" classname="latihan.testing.TestGroup2"/>
</testsuite> <!-- database -->
