<?xml version="1.0" encoding="UTF-8"?>
<!-- Generated by org.testng.reporters.JUnitXMLReporter -->
<testsuite hostname="BDN" ignored="1" name="Default test" tests="1" failures="0" timestamp="2020-06-01T20:47:28 ICT" time="90.831" errors="0">
  <testcase name="PerformApiUserWithParams_Then_ReturnAUser2" time="2.077" classname="com.example.demo.controller.UserControllerTest"/>
  <testcase name="PerformApiUserWithParams_Then_ReturnAUser" time="0.0" classname="com.example.demo.controller.UserControllerTest">
    <ignored/>
  </testcase> <!-- PerformApiUserWithParams_Then_ReturnAUser -->
</testsuite> <!-- Default test -->
