<?xml version="1.0" encoding="UTF-8"?>
<!-- Generated by org.testng.reporters.JUnitXMLReporter -->
<testsuite hostname="BDN" ignored="0" name="User_Service_Integration_Case" tests="3" failures="0" timestamp="2020-06-01T16:24:51 ICT" time="120.097" errors="0">
  <testcase name="findById_throw_exception_when_not_found" time="0.627" classname="com.example.demo.service.UserServiceIntegrationTest"/>
  <testcase name="searchByCompanyName_return_empty_when_not_found" time="0.203" classname="com.example.demo.service.UserServiceIntegrationTest"/>
  <testcase name="test_save_findById_searchByCompanyName" time="0.876" classname="com.example.demo.service.UserServiceIntegrationTest"/>
</testsuite> <!-- User_Service_Integration_Case -->
