<?xml version="1.0" encoding="UTF-8"?>
<!-- Generated by org.testng.reporters.JUnitXMLReporter -->
<testsuite hostname="BDN" ignored="0" name="Default test" tests="3" failures="0" timestamp="2020-06-01T22:02:15 ICT" time="0.337" errors="0">
  <testcase name="testBalance" time="0.037" classname="example.testing.behaviour.BankAccountTest"/>
  <testcase name="testDeposit" time="0.006" classname="example.testing.behaviour.BankAccountTest"/>
  <testcase name="testWithdraw" time="0.009" classname="example.testing.behaviour.BankAccountTest"/>
</testsuite> <!-- Default test -->
