<?xml version="1.0" encoding="UTF-8"?>
<!-- Generated by org.testng.reporters.JUnitXMLReporter -->
<testsuite hostname="BDN" ignored="0" name="UserManagement_Case" tests="10" failures="0" timestamp="2020-06-01T16:18:28 ICT" time="7.951" errors="0">
  <testcase name="deleteById_is_done_by_dao_delete" time="0.709" classname="com.example.demo.service.MockDependenciesUserServiceImplTest"/>
  <testcase name="findById_found" time="0.052" classname="com.example.demo.service.MockDependenciesUserServiceImplTest"/>
  <testcase name="findById_not_found" time="0.015" classname="com.example.demo.service.MockDependenciesUserServiceImplTest"/>
  <testcase name="searchByCompanyName_found" time="0.012" classname="com.example.demo.service.MockDependenciesUserServiceImplTest"/>
  <testcase name="searchByCompanyName_not_found" time="0.016" classname="com.example.demo.service.MockDependenciesUserServiceImplTest"/>
  <testcase name="test_toDomain" time="0.006" classname="com.example.demo.service.TransformServiceTest"/>
  <testcase name="test_toEntity" time="0.036" classname="com.example.demo.service.TransformServiceTest"/>
  <testcase name="findById_found" time="0.016" classname="com.example.demo.service.MockUserServiceImplTest"/>
  <testcase name="findById_not_found" time="0.026" classname="com.example.demo.service.MockUserServiceImplTest"/>
  <testcase name="searchByCompanyName_found" time="0.004" classname="com.example.demo.service.MockUserServiceImplTest"/>
</testsuite> <!-- UserManagement_Case -->
